This is pdfTeX, Version 3.141592653-2.6-1.40.25 (TeX Live 2023/Debian) (preloaded format=pdflatex 2024.4.8)  16 JUL 2024 10:14
entering extended mode
 \write18 enabled.
 file:line:error style messages enabled.
 %&-line parsing enabled.
**/home/martin/tu-cloud/Uni/TechnicalPhysics/General_Elective_Modules/Fusion_Reactor_Design/fusion_vacuum_report/main.tex
(/home/martin/tu-cloud/Uni/TechnicalPhysics/General_Elective_Modules/Fusion_Reactor_Design/fusion_vacuum_report/main.tex
LaTeX2e <2023-11-01> patch level 1
L3 programming layer <2024-01-22>
(/usr/share/texlive/texmf-dist/tex/latex/base/report.cls
Document Class: report 2023/05/17 v1.4n Standard LaTeX document class
(/usr/share/texlive/texmf-dist/tex/latex/base/size12.clo
File: size12.clo 2023/05/17 v1.4n Standard LaTeX file (size option)
)
\c@part=\count187
\c@chapter=\count188
\c@section=\count189
\c@subsection=\count190
\c@subsubsection=\count191
\c@paragraph=\count192
\c@subparagraph=\count193
\c@figure=\count194
\c@table=\count195
\abovecaptionskip=\skip48
\belowcaptionskip=\skip49
\bibindent=\dimen140
) (/usr/share/texlive/texmf-dist/tex/generic/babel/babel.sty
Package: babel 2024/01/07 v24.1 The Babel package
\babel@savecnt=\count196
\U@D=\dimen141
\l@unhyphenated=\language14
 (/usr/share/texlive/texmf-dist/tex/generic/babel/txtbabel.def)
\bbl@readstream=\read2
\bbl@dirlevel=\count197
 (/usr/share/texlive/texmf-dist/tex/generic/babel-english/english.ldf
Language: english 2017/06/06 v3.3r English support from the babel system
Package babel Info: Hyphen rules for 'british' set to \l@english
(babel)             (\language0). Reported on input line 82.
Package babel Info: Hyphen rules for 'UKenglish' set to \l@english
(babel)             (\language0). Reported on input line 83.
Package babel Info: Hyphen rules for 'canadian' set to \l@english
(babel)             (\language0). Reported on input line 102.
Package babel Info: Hyphen rules for 'australian' set to \l@english
(babel)             (\language0). Reported on input line 105.
Package babel Info: Hyphen rules for 'newzealand' set to \l@english
(babel)             (\language0). Reported on input line 108.
)) (/usr/share/texlive/texmf-dist/tex/generic/babel/locale/en/babel-english.tex
Package babel Info: Importing font and identification data for english
(babel)             from babel-en.ini. Reported on input line 11.
) (./styles/customstyle.sty (/usr/share/texlive/texmf-dist/tex/latex/geometry/geometry.sty
Package: geometry 2020/01/02 v5.9 Page Geometry
 (/usr/share/texlive/texmf-dist/tex/latex/graphics/keyval.sty
Package: keyval 2022/05/29 v1.15 key=value parser (DPC)
\KV@toks@=\toks17
) (/usr/share/texlive/texmf-dist/tex/generic/iftex/ifvtex.sty
Package: ifvtex 2019/10/25 v1.7 ifvtex legacy package. Use iftex instead.
 (/usr/share/texlive/texmf-dist/tex/generic/iftex/iftex.sty
Package: iftex 2022/02/03 v1.0f TeX engine tests
))
\Gm@cnth=\count198
\Gm@cntv=\count199
\c@Gm@tempcnt=\count266
\Gm@bindingoffset=\dimen142
\Gm@wd@mp=\dimen143
\Gm@odd@mp=\dimen144
\Gm@even@mp=\dimen145
\Gm@layoutwidth=\dimen146
\Gm@layoutheight=\dimen147
\Gm@layouthoffset=\dimen148
\Gm@layoutvoffset=\dimen149
\Gm@dimlist=\toks18
) (/usr/share/texlive/texmf-dist/tex/latex/amsmath/amsmath.sty
Package: amsmath 2023/05/13 v2.17o AMS math features
\@mathmargin=\skip50

For additional information on amsmath, use the `?' option.
(/usr/share/texlive/texmf-dist/tex/latex/amsmath/amstext.sty
Package: amstext 2021/08/26 v2.01 AMS text
 (/usr/share/texlive/texmf-dist/tex/latex/amsmath/amsgen.sty
File: amsgen.sty 1999/11/30 v2.0 generic functions
\@emptytoks=\toks19
\ex@=\dimen150
)) (/usr/share/texlive/texmf-dist/tex/latex/amsmath/amsbsy.sty
Package: amsbsy 1999/11/29 v1.2d Bold Symbols
\pmbraise@=\dimen151
) (/usr/share/texlive/texmf-dist/tex/latex/amsmath/amsopn.sty
Package: amsopn 2022/04/08 v2.04 operator names
)
\inf@bad=\count267
LaTeX Info: Redefining \frac on input line 234.
\uproot@=\count268
\leftroot@=\count269
LaTeX Info: Redefining \overline on input line 399.
LaTeX Info: Redefining \colon on input line 410.
\classnum@=\count270
\DOTSCASE@=\count271
LaTeX Info: Redefining \ldots on input line 496.
LaTeX Info: Redefining \dots on input line 499.
LaTeX Info: Redefining \cdots on input line 620.
\Mathstrutbox@=\box51
\strutbox@=\box52
LaTeX Info: Redefining \big on input line 722.
LaTeX Info: Redefining \Big on input line 723.
LaTeX Info: Redefining \bigg on input line 724.
LaTeX Info: Redefining \Bigg on input line 725.
\big@size=\dimen152
LaTeX Font Info:    Redeclaring font encoding OML on input line 743.
LaTeX Font Info:    Redeclaring font encoding OMS on input line 744.
\macc@depth=\count272
LaTeX Info: Redefining \bmod on input line 905.
LaTeX Info: Redefining \pmod on input line 910.
LaTeX Info: Redefining \smash on input line 940.
LaTeX Info: Redefining \relbar on input line 970.
LaTeX Info: Redefining \Relbar on input line 971.
\c@MaxMatrixCols=\count273
\dotsspace@=\muskip16
\c@parentequation=\count274
\dspbrk@lvl=\count275
\tag@help=\toks20
\row@=\count276
\column@=\count277
\maxfields@=\count278
\andhelp@=\toks21
\eqnshift@=\dimen153
\alignsep@=\dimen154
\tagshift@=\dimen155
\tagwidth@=\dimen156
\totwidth@=\dimen157
\lineht@=\dimen158
\@envbody=\toks22
\multlinegap=\skip51
\multlinetaggap=\skip52
\mathdisplay@stack=\toks23
LaTeX Info: Redefining \[ on input line 2953.
LaTeX Info: Redefining \] on input line 2954.
) (/usr/share/texlive/texmf-dist/tex/latex/siunitx/siunitx.sty
Package: siunitx 2024-01-25 v3.3.10 A comprehensive (SI) units package
\l__siunitx_number_uncert_offset_int=\count279
\l__siunitx_number_exponent_fixed_int=\count280
\l__siunitx_number_min_decimal_int=\count281
\l__siunitx_number_min_integer_int=\count282
\l__siunitx_number_round_precision_int=\count283
\l__siunitx_number_lower_threshold_int=\count284
\l__siunitx_number_upper_threshold_int=\count285
\l__siunitx_number_group_first_int=\count286
\l__siunitx_number_group_size_int=\count287
\l__siunitx_number_group_minimum_int=\count288
\l__siunitx_angle_tmp_dim=\dimen159
\l__siunitx_angle_marker_box=\box53
\l__siunitx_angle_unit_box=\box54
\l__siunitx_compound_count_int=\count289
 (/usr/share/texlive/texmf-dist/tex/latex/translations/translations.sty
Package: translations 2022/02/05 v1.12 internationalization of LaTeX2e packages (CN)
 (/usr/share/texlive/texmf-dist/tex/latex/etoolbox/etoolbox.sty
Package: etoolbox 2020/10/05 v2.5k e-TeX tools for LaTeX (JAW)
\etb@tempcnta=\count290
) (/usr/share/texlive/texmf-dist/tex/generic/pdftexcmds/pdftexcmds.sty
Package: pdftexcmds 2020-06-27 v0.33 Utility functions of pdfTeX for LuaTeX (HO)
 (/usr/share/texlive/texmf-dist/tex/generic/infwarerr/infwarerr.sty
Package: infwarerr 2019/12/03 v1.5 Providing info/warning/error messages (HO)
) (/usr/share/texlive/texmf-dist/tex/generic/ltxcmds/ltxcmds.sty
Package: ltxcmds 2023-12-04 v1.26 LaTeX kernel commands for general use (HO)
)
Package pdftexcmds Info: \pdf@primitive is available.
Package pdftexcmds Info: \pdf@ifprimitive is available.
Package pdftexcmds Info: \pdfdraftmode found.
))
\l__siunitx_table_tmp_box=\box55
\l__siunitx_table_tmp_dim=\dimen160
\l__siunitx_table_column_width_dim=\dimen161
\l__siunitx_table_integer_box=\box56
\l__siunitx_table_decimal_box=\box57
\l__siunitx_table_uncert_box=\box58
\l__siunitx_table_before_box=\box59
\l__siunitx_table_after_box=\box60
\l__siunitx_table_before_dim=\dimen162
\l__siunitx_table_carry_dim=\dimen163
\l__siunitx_unit_tmp_int=\count291
\l__siunitx_unit_position_int=\count292
\l__siunitx_unit_total_int=\count293
 (/usr/share/texlive/texmf-dist/tex/latex/tools/array.sty
Package: array 2023/10/16 v2.5g Tabular extension package (FMi)
\col@sep=\dimen164
\ar@mcellbox=\box61
\extrarowheight=\dimen165
\NC@list=\toks24
\extratabsurround=\skip53
\backup@length=\skip54
\ar@cellbox=\box62
)) (/usr/share/texlive/texmf-dist/tex/latex/base/inputenc.sty
Package: inputenc 2021/02/14 v1.3d Input encoding file
\inpenc@prehook=\toks25
\inpenc@posthook=\toks26
) (/usr/share/texlive/texmf-dist/tex/latex/graphics/graphicx.sty
Package: graphicx 2021/09/16 v1.2d Enhanced LaTeX Graphics (DPC,SPQR)
 (/usr/share/texlive/texmf-dist/tex/latex/graphics/graphics.sty
Package: graphics 2022/03/10 v1.4e Standard LaTeX Graphics (DPC,SPQR)
 (/usr/share/texlive/texmf-dist/tex/latex/graphics/trig.sty
Package: trig 2021/08/11 v1.11 sin cos tan (DPC)
) (/usr/share/texlive/texmf-dist/tex/latex/graphics-cfg/graphics.cfg
File: graphics.cfg 2016/06/04 v1.11 sample graphics configuration
)
Package graphics Info: Driver file: pdftex.def on input line 107.
 (/usr/share/texlive/texmf-dist/tex/latex/graphics-def/pdftex.def
File: pdftex.def 2022/09/22 v1.2b Graphics/color driver for pdftex
))
\Gin@req@height=\dimen166
\Gin@req@width=\dimen167
) (/usr/share/texlive/texmf-dist/tex/latex/caption/subcaption.sty
Package: subcaption 2023/07/28 v1.6b Sub-captions (AR)
 (/usr/share/texlive/texmf-dist/tex/latex/caption/caption.sty
Package: caption 2023/08/05 v3.6o Customizing captions (AR)
 (/usr/share/texlive/texmf-dist/tex/latex/caption/caption3.sty
Package: caption3 2023/07/31 v2.4d caption3 kernel (AR)
\caption@tempdima=\dimen168
\captionmargin=\dimen169
\caption@leftmargin=\dimen170
\caption@rightmargin=\dimen171
\caption@width=\dimen172
\caption@indent=\dimen173
\caption@parindent=\dimen174
\caption@hangindent=\dimen175
Package caption Info: Standard document class detected.
)
\c@caption@flags=\count294
\c@continuedfloat=\count295
)
Package caption Info: New subtype `subfigure' on input line 238.
\c@subfigure=\count296
Package caption Info: New subtype `subtable' on input line 238.
\c@subtable=\count297
) (/usr/share/texlive/texmf-dist/tex/latex/float/float.sty
Package: float 2001/11/08 v1.3d Float enhancements (AL)
\c@float@type=\count298
\float@exts=\toks27
\float@box=\box63
\@float@everytoks=\toks28
\@floatcapt=\box64
) (/usr/share/texlive/texmf-dist/tex/latex/xcolor/xcolor.sty
Package: xcolor 2023/11/15 v3.01 LaTeX color extensions (UK)
 (/usr/share/texlive/texmf-dist/tex/latex/graphics-cfg/color.cfg
File: color.cfg 2016/01/02 v1.6 sample color configuration
)
Package xcolor Info: Driver file: pdftex.def on input line 274.
 (/usr/share/texlive/texmf-dist/tex/latex/graphics/mathcolor.ltx)
Package xcolor Info: Model `cmy' substituted by `cmy0' on input line 1350.
Package xcolor Info: Model `hsb' substituted by `rgb' on input line 1354.
Package xcolor Info: Model `RGB' extended on input line 1366.
Package xcolor Info: Model `HTML' substituted by `rgb' on input line 1368.
Package xcolor Info: Model `Hsb' substituted by `hsb' on input line 1369.
Package xcolor Info: Model `tHsb' substituted by `hsb' on input line 1370.
Package xcolor Info: Model `HSB' substituted by `hsb' on input line 1371.
Package xcolor Info: Model `Gray' substituted by `gray' on input line 1372.
Package xcolor Info: Model `wave' substituted by `hsb' on input line 1373.
) (/usr/share/texlive/texmf-dist/tex/latex/hyperref/hyperref.sty
Package: hyperref 2024-01-20 v7.01h Hypertext links for LaTeX
 (/usr/share/texlive/texmf-dist/tex/latex/kvsetkeys/kvsetkeys.sty
Package: kvsetkeys 2022-10-05 v1.19 Key value parser (HO)
) (/usr/share/texlive/texmf-dist/tex/generic/kvdefinekeys/kvdefinekeys.sty
Package: kvdefinekeys 2019-12-19 v1.6 Define keys (HO)
) (/usr/share/texlive/texmf-dist/tex/generic/pdfescape/pdfescape.sty
Package: pdfescape 2019/12/09 v1.15 Implements pdfTeX's escape features (HO)
) (/usr/share/texlive/texmf-dist/tex/latex/hycolor/hycolor.sty
Package: hycolor 2020-01-27 v1.10 Color options for hyperref/bookmark (HO)
) (/usr/share/texlive/texmf-dist/tex/latex/auxhook/auxhook.sty
Package: auxhook 2019-12-17 v1.6 Hooks for auxiliary files (HO)
) (/usr/share/texlive/texmf-dist/tex/latex/hyperref/nameref.sty
Package: nameref 2023-11-26 v2.56 Cross-referencing by name of section
 (/usr/share/texlive/texmf-dist/tex/latex/refcount/refcount.sty
Package: refcount 2019/12/15 v3.6 Data extraction from label references (HO)
) (/usr/share/texlive/texmf-dist/tex/generic/gettitlestring/gettitlestring.sty
Package: gettitlestring 2019/12/15 v1.6 Cleanup title references (HO)
 (/usr/share/texlive/texmf-dist/tex/latex/kvoptions/kvoptions.sty
Package: kvoptions 2022-06-15 v3.15 Key value format for package options (HO)
))
\c@section@level=\count299
)
\@linkdim=\dimen176
\Hy@linkcounter=\count300
\Hy@pagecounter=\count301
 (/usr/share/texlive/texmf-dist/tex/latex/hyperref/pd1enc.def
File: pd1enc.def 2024-01-20 v7.01h Hyperref: PDFDocEncoding definition (HO)
Now handling font encoding PD1 ...
... no UTF-8 mapping file for font encoding PD1
) (/usr/share/texlive/texmf-dist/tex/generic/intcalc/intcalc.sty
Package: intcalc 2019/12/15 v1.3 Expandable calculations with integers (HO)
)
\Hy@SavedSpaceFactor=\count302
 (/usr/share/texlive/texmf-dist/tex/latex/hyperref/puenc.def
File: puenc.def 2024-01-20 v7.01h Hyperref: PDF Unicode definition (HO)
Now handling font encoding PU ...
... no UTF-8 mapping file for font encoding PU
)
Package hyperref Info: Option `colorlinks' set `true' on input line 4062.
Package hyperref Info: Hyper figures OFF on input line 4179.
Package hyperref Info: Link nesting OFF on input line 4184.
Package hyperref Info: Hyper index ON on input line 4187.
Package hyperref Info: Plain pages OFF on input line 4194.
Package hyperref Info: Backreferencing OFF on input line 4199.
Package hyperref Info: Implicit mode ON; LaTeX internals redefined.
Package hyperref Info: Bookmarks ON on input line 4446.
\c@Hy@tempcnt=\count303
 (/usr/share/texlive/texmf-dist/tex/latex/url/url.sty
\Urlmuskip=\muskip17
Package: url 2013/09/16  ver 3.4  Verb mode for urls, etc.
)
LaTeX Info: Redefining \url on input line 4784.
\XeTeXLinkMargin=\dimen177
 (/usr/share/texlive/texmf-dist/tex/generic/bitset/bitset.sty
Package: bitset 2019/12/09 v1.3 Handle bit-vector datatype (HO)
 (/usr/share/texlive/texmf-dist/tex/generic/bigintcalc/bigintcalc.sty
Package: bigintcalc 2019/12/15 v1.5 Expandable calculations on big integers (HO)
))
\Fld@menulength=\count304
\Field@Width=\dimen178
\Fld@charsize=\dimen179
Package hyperref Info: Hyper figures OFF on input line 6063.
Package hyperref Info: Link nesting OFF on input line 6068.
Package hyperref Info: Hyper index ON on input line 6071.
Package hyperref Info: backreferencing OFF on input line 6078.
Package hyperref Info: Link coloring ON on input line 6081.
Package hyperref Info: Link coloring with OCG OFF on input line 6088.
Package hyperref Info: PDF/A mode OFF on input line 6093.
 (/usr/share/texlive/texmf-dist/tex/latex/base/atbegshi-ltx.sty
Package: atbegshi-ltx 2021/01/10 v1.0c Emulation of the original atbegshi
package with kernel methods
)
\Hy@abspage=\count305
\c@Item=\count306
\c@Hfootnote=\count307
)
Package hyperref Info: Driver (autodetected): hpdftex.
 (/usr/share/texlive/texmf-dist/tex/latex/hyperref/hpdftex.def
File: hpdftex.def 2024-01-20 v7.01h Hyperref driver for pdfTeX
 (/usr/share/texlive/texmf-dist/tex/latex/base/atveryend-ltx.sty
Package: atveryend-ltx 2020/08/19 v1.0a Emulation of the original atveryend package
with kernel methods
)
\Fld@listcount=\count308
\c@bookmark@seq@number=\count309
 (/usr/share/texlive/texmf-dist/tex/latex/rerunfilecheck/rerunfilecheck.sty
Package: rerunfilecheck 2022-07-10 v1.10 Rerun checks for auxiliary files (HO)
 (/usr/share/texlive/texmf-dist/tex/generic/uniquecounter/uniquecounter.sty
Package: uniquecounter 2019/12/15 v1.4 Provide unlimited unique counter (HO)
)
Package uniquecounter Info: New unique counter `rerunfilecheck' on input line 285.
)
\Hy@SectionHShift=\skip55
) (/usr/share/texlive/texmf-dist/tex/latex/booktabs/booktabs.sty
Package: booktabs 2020/01/12 v1.61803398 Publication quality tables
\heavyrulewidth=\dimen180
\lightrulewidth=\dimen181
\cmidrulewidth=\dimen182
\belowrulesep=\dimen183
\belowbottomsep=\dimen184
\aboverulesep=\dimen185
\abovetopsep=\dimen186
\cmidrulesep=\dimen187
\cmidrulekern=\dimen188
\defaultaddspace=\dimen189
\@cmidla=\count310
\@cmidlb=\count311
\@aboverulesep=\dimen190
\@belowrulesep=\dimen191
\@thisruleclass=\count312
\@lastruleclass=\count313
\@thisrulewidth=\dimen192
) (/usr/share/texlive/texmf-dist/tex/latex/blindtext/blindtext.sty
Package: blindtext 2012/01/06 V2.0 blindtext-Package
 (/usr/share/texlive/texmf-dist/tex/latex/tools/xspace.sty
Package: xspace 2014/10/28 v1.13 Space after command names (DPC,MH)
)
\c@blindtext=\count314
\c@Blindtext=\count315
\c@blind@countparstart=\count316
\blind@countxx=\count317
\blindtext@numBlindtext=\count318
\blind@countyy=\count319
\c@blindlist=\count320
\c@blindlistlevel=\count321
\c@blindlist@level=\count322
\blind@listitem=\count323
\c@blind@listcount=\count324
\c@blind@levelcount=\count325
\blind@mathformula=\count326
\blind@Mathformula=\count327
\c@blind@randomcount=\count328
\c@blind@randommax=\count329
\c@blind@pangramcount=\count330
\c@blind@pangrammax=\count331
) (/usr/share/texlive/texmf-dist/tex/latex/fancyhdr/fancyhdr.sty
Package: fancyhdr 2022/11/09 v4.1 Extensive control of page headers and footers
\f@nch@headwidth=\skip56
\f@nch@O@elh=\skip57
\f@nch@O@erh=\skip58
\f@nch@O@olh=\skip59
\f@nch@O@orh=\skip60
\f@nch@O@elf=\skip61
\f@nch@O@erf=\skip62
\f@nch@O@olf=\skip63
\f@nch@O@orf=\skip64
) (/usr/share/texlive/texmf-dist/tex/latex/lastpage/lastpage.sty
Package: lastpage 2023/10/14 v2.0e lastpage: 2.09 or 2e? (HMM)
 (/usr/share/texlive/texmf-dist/tex/latex/lastpage/lastpage2e.sty
Package: lastpage2e 2023/10/14 v2.0e Decide which 2e lastpage version to use (HMM)
 (/usr/share/texlive/texmf-dist/tex/latex/lastpage/lastpagemodern.sty
Package: lastpagemodern 2023-10-14 v2.0e Refers to last page's name (HMM; JPG)
\c@lastpagecount=\count332
) 
))) (./styles/titlepage.sty) (/usr/share/texlive/texmf-dist/tex/latex/csquotes/csquotes.sty
Package: csquotes 2022-09-14 v5.2n context-sensitive quotations (JAW)
\csq@reset=\count333
\csq@gtype=\count334
\csq@glevel=\count335
\csq@qlevel=\count336
\csq@maxlvl=\count337
\csq@tshold=\count338
\csq@ltx@everypar=\toks29
 (/usr/share/texlive/texmf-dist/tex/latex/csquotes/csquotes.def
File: csquotes.def 2022-09-14 v5.2n csquotes generic definitions (JAW)
)
Package csquotes Info: Trying to load configuration file 'csquotes.cfg'...
Package csquotes Info: ... configuration file loaded successfully.
 (/usr/share/texlive/texmf-dist/tex/latex/csquotes/csquotes.cfg
File: csquotes.cfg 
)) (/usr/share/texmf/tex/latex/lm/lmodern.sty
Package: lmodern 2015/05/01 v1.6.1 Latin Modern Fonts
LaTeX Font Info:    Overwriting symbol font `operators' in version `normal'
(Font)                  OT1/cmr/m/n --> OT1/lmr/m/n on input line 22.
LaTeX Font Info:    Overwriting symbol font `letters' in version `normal'
(Font)                  OML/cmm/m/it --> OML/lmm/m/it on input line 23.
LaTeX Font Info:    Overwriting symbol font `symbols' in version `normal'
(Font)                  OMS/cmsy/m/n --> OMS/lmsy/m/n on input line 24.
LaTeX Font Info:    Overwriting symbol font `largesymbols' in version `normal'
(Font)                  OMX/cmex/m/n --> OMX/lmex/m/n on input line 25.
LaTeX Font Info:    Overwriting symbol font `operators' in version `bold'
(Font)                  OT1/cmr/bx/n --> OT1/lmr/bx/n on input line 26.
LaTeX Font Info:    Overwriting symbol font `letters' in version `bold'
(Font)                  OML/cmm/b/it --> OML/lmm/b/it on input line 27.
LaTeX Font Info:    Overwriting symbol font `symbols' in version `bold'
(Font)                  OMS/cmsy/b/n --> OMS/lmsy/b/n on input line 28.
LaTeX Font Info:    Overwriting symbol font `largesymbols' in version `bold'
(Font)                  OMX/cmex/m/n --> OMX/lmex/m/n on input line 29.
LaTeX Font Info:    Overwriting math alphabet `\mathbf' in version `normal'
(Font)                  OT1/cmr/bx/n --> OT1/lmr/bx/n on input line 31.
LaTeX Font Info:    Overwriting math alphabet `\mathsf' in version `normal'
(Font)                  OT1/cmss/m/n --> OT1/lmss/m/n on input line 32.
LaTeX Font Info:    Overwriting math alphabet `\mathit' in version `normal'
(Font)                  OT1/cmr/m/it --> OT1/lmr/m/it on input line 33.
LaTeX Font Info:    Overwriting math alphabet `\mathtt' in version `normal'
(Font)                  OT1/cmtt/m/n --> OT1/lmtt/m/n on input line 34.
LaTeX Font Info:    Overwriting math alphabet `\mathbf' in version `bold'
(Font)                  OT1/cmr/bx/n --> OT1/lmr/bx/n on input line 35.
LaTeX Font Info:    Overwriting math alphabet `\mathsf' in version `bold'
(Font)                  OT1/cmss/bx/n --> OT1/lmss/bx/n on input line 36.
LaTeX Font Info:    Overwriting math alphabet `\mathit' in version `bold'
(Font)                  OT1/cmr/bx/it --> OT1/lmr/bx/it on input line 37.
LaTeX Font Info:    Overwriting math alphabet `\mathtt' in version `bold'
(Font)                  OT1/cmtt/m/n --> OT1/lmtt/m/n on input line 38.
) (/usr/share/texlive/texmf-dist/tex/latex/base/textcomp.sty
Package: textcomp 2020/02/02 v2.0n Standard LaTeX package
) (/usr/share/texlive/texmf-dist/tex/latex/biblatex/biblatex.sty
Package: biblatex 2023/03/05 v3.19 programmable bibliographies (PK/MW)
 (/usr/share/texlive/texmf-dist/tex/latex/logreq/logreq.sty
Package: logreq 2010/08/04 v1.0 xml request logger
\lrq@indent=\count339
 (/usr/share/texlive/texmf-dist/tex/latex/logreq/logreq.def
File: logreq.def 2010/08/04 v1.0 logreq spec v1.0
)) (/usr/share/texlive/texmf-dist/tex/latex/base/ifthen.sty
Package: ifthen 2022/04/13 v1.1d Standard LaTeX ifthen package (DPC)
)
\c@tabx@nest=\count340
\c@listtotal=\count341
\c@listcount=\count342
\c@liststart=\count343
\c@liststop=\count344
\c@citecount=\count345
\c@citetotal=\count346
\c@multicitecount=\count347
\c@multicitetotal=\count348
\c@instcount=\count349
\c@maxnames=\count350
\c@minnames=\count351
\c@maxitems=\count352
\c@minitems=\count353
\c@citecounter=\count354
\c@maxcitecounter=\count355
\c@savedcitecounter=\count356
\c@uniquelist=\count357
\c@uniquename=\count358
\c@refsection=\count359
\c@refsegment=\count360
\c@maxextratitle=\count361
\c@maxextratitleyear=\count362
\c@maxextraname=\count363
\c@maxextradate=\count364
\c@maxextraalpha=\count365
\c@abbrvpenalty=\count366
\c@highnamepenalty=\count367
\c@lownamepenalty=\count368
\c@maxparens=\count369
\c@parenlevel=\count370
\blx@tempcnta=\count371
\blx@tempcntb=\count372
\blx@tempcntc=\count373
\c@blx@maxsection=\count374
\blx@maxsegment@0=\count375
\blx@notetype=\count376
\blx@parenlevel@text=\count377
\blx@parenlevel@foot=\count378
\blx@sectionciteorder@0=\count379
\blx@sectionciteorderinternal@0=\count380
\blx@entrysetcounter=\count381
\blx@biblioinstance=\count382
\labelnumberwidth=\skip65
\labelalphawidth=\skip66
\biblabelsep=\skip67
\bibitemsep=\skip68
\bibnamesep=\skip69
\bibinitsep=\skip70
\bibparsep=\skip71
\bibhang=\skip72
\blx@bcfin=\read3
\blx@bcfout=\write3
\blx@langwohyphens=\language15
\c@mincomprange=\count383
\c@maxcomprange=\count384
\c@mincompwidth=\count385
Package biblatex Info: Trying to load biblatex default data model...
Package biblatex Info: ... file 'blx-dm.def' found.
 (/usr/share/texlive/texmf-dist/tex/latex/biblatex/blx-dm.def
File: blx-dm.def 2023/03/05 v3.19 biblatex localization (PK/MW)
)
Package biblatex Info: Trying to load biblatex style data model...
Package biblatex Info: ... file 'numeric.dbx' not found.
Package biblatex Info: Trying to load biblatex custom data model...
Package biblatex Info: ... file 'biblatex-dm.cfg' not found.
\c@afterword=\count386
\c@savedafterword=\count387
\c@annotator=\count388
\c@savedannotator=\count389
\c@author=\count390
\c@savedauthor=\count391
\c@bookauthor=\count392
\c@savedbookauthor=\count393
\c@commentator=\count394
\c@savedcommentator=\count395
\c@editor=\count396
\c@savededitor=\count397
\c@editora=\count398
\c@savededitora=\count399
\c@editorb=\count400
\c@savededitorb=\count401
\c@editorc=\count402
\c@savededitorc=\count403
\c@foreword=\count404
\c@savedforeword=\count405
\c@holder=\count406
\c@savedholder=\count407
\c@introduction=\count408
\c@savedintroduction=\count409
\c@namea=\count410
\c@savednamea=\count411
\c@nameb=\count412
\c@savednameb=\count413
\c@namec=\count414
\c@savednamec=\count415
\c@translator=\count416
\c@savedtranslator=\count417
\c@shortauthor=\count418
\c@savedshortauthor=\count419
\c@shorteditor=\count420
\c@savedshorteditor=\count421
\c@labelname=\count422
\c@savedlabelname=\count423
\c@institution=\count424
\c@savedinstitution=\count425
\c@lista=\count426
\c@savedlista=\count427
\c@listb=\count428
\c@savedlistb=\count429
\c@listc=\count430
\c@savedlistc=\count431
\c@listd=\count432
\c@savedlistd=\count433
\c@liste=\count434
\c@savedliste=\count435
\c@listf=\count436
\c@savedlistf=\count437
\c@location=\count438
\c@savedlocation=\count439
\c@organization=\count440
\c@savedorganization=\count441
\c@origlocation=\count442
\c@savedoriglocation=\count443
\c@origpublisher=\count444
\c@savedorigpublisher=\count445
\c@publisher=\count446
\c@savedpublisher=\count447
\c@language=\count448
\c@savedlanguage=\count449
\c@origlanguage=\count450
\c@savedoriglanguage=\count451
\c@pageref=\count452
\c@savedpageref=\count453
\shorthandwidth=\skip73
\shortjournalwidth=\skip74
\shortserieswidth=\skip75
\shorttitlewidth=\skip76
\shortauthorwidth=\skip77
\shorteditorwidth=\skip78
\locallabelnumberwidth=\skip79
\locallabelalphawidth=\skip80
\localshorthandwidth=\skip81
\localshortjournalwidth=\skip82
\localshortserieswidth=\skip83
\localshorttitlewidth=\skip84
\localshortauthorwidth=\skip85
\localshorteditorwidth=\skip86
Package biblatex Info: Trying to load compatibility code...
Package biblatex Info: ... file 'blx-compat.def' found.
 (/usr/share/texlive/texmf-dist/tex/latex/biblatex/blx-compat.def
File: blx-compat.def 2023/03/05 v3.19 biblatex compatibility (PK/MW)
)
Package biblatex Info: Trying to load generic definitions...
Package biblatex Info: ... file 'biblatex.def' found.
 (/usr/share/texlive/texmf-dist/tex/latex/biblatex/biblatex.def
File: biblatex.def 2023/03/05 v3.19 biblatex compatibility (PK/MW)
\c@textcitecount=\count454
\c@textcitetotal=\count455
\c@textcitemaxnames=\count456
\c@biburlbigbreakpenalty=\count457
\c@biburlbreakpenalty=\count458
\c@biburlnumpenalty=\count459
\c@biburlucpenalty=\count460
\c@biburllcpenalty=\count461
\biburlbigskip=\muskip18
\biburlnumskip=\muskip19
\biburlucskip=\muskip20
\biburllcskip=\muskip21
\c@smartand=\count462
)
Package biblatex Info: Trying to load bibliography style 'numeric'...
Package biblatex Info: ... file 'numeric.bbx' found.
 (/usr/share/texlive/texmf-dist/tex/latex/biblatex/bbx/numeric.bbx
File: numeric.bbx 2023/03/05 v3.19 biblatex bibliography style (PK/MW)
Package biblatex Info: Trying to load bibliography style 'standard'...
Package biblatex Info: ... file 'standard.bbx' found.
 (/usr/share/texlive/texmf-dist/tex/latex/biblatex/bbx/standard.bbx
File: standard.bbx 2023/03/05 v3.19 biblatex bibliography style (PK/MW)
\c@bbx:relatedcount=\count463
\c@bbx:relatedtotal=\count464
))
Package biblatex Info: Trying to load citation style 'numeric'...
Package biblatex Info: ... file 'numeric.cbx' found.
 (/usr/share/texlive/texmf-dist/tex/latex/biblatex/cbx/numeric.cbx
File: numeric.cbx 2023/03/05 v3.19 biblatex citation style (PK/MW)
Package biblatex Info: Redefining '\cite'.
Package biblatex Info: Redefining '\parencite'.
Package biblatex Info: Redefining '\footcite'.
Package biblatex Info: Redefining '\footcitetext'.
Package biblatex Info: Redefining '\smartcite'.
Package biblatex Info: Redefining '\supercite'.
Package biblatex Info: Redefining '\textcite'.
Package biblatex Info: Redefining '\textcites'.
Package biblatex Info: Redefining '\cites'.
Package biblatex Info: Redefining '\parencites'.
Package biblatex Info: Redefining '\smartcites'.
)
Package biblatex Info: Trying to load configuration file...
Package biblatex Info: ... file 'biblatex.cfg' found.
 (/usr/share/texlive/texmf-dist/tex/latex/biblatex/biblatex.cfg
File: biblatex.cfg 
)
Package biblatex Info: Input encoding 'utf8' detected.
Package biblatex Info: Document encoding is UTF8 ....
 (/usr/share/texlive/texmf-dist/tex/latex/l3kernel/expl3.sty
Package: expl3 2024-01-22 L3 programming layer (loader) 
 (/usr/share/texlive/texmf-dist/tex/latex/l3backend/l3backend-pdftex.def
File: l3backend-pdftex.def 2024-01-04 L3 backend support: PDF output (pdfTeX)
\l__color_backend_stack_int=\count465
\l__pdf_internal_box=\box65
))
Package biblatex Info: ... and expl3
(biblatex)             2024-01-22 L3 programming layer (loader) 
(biblatex)             is new enough (at least 2020/04/06),
(biblatex)             setting 'casechanger=expl3'.
 (/usr/share/texlive/texmf-dist/tex/latex/biblatex/blx-case-expl3.sty (/usr/share/texlive/texmf-dist/tex/latex/l3packages/xparse/xparse.sty
Package: xparse 2023-10-10 L3 Experimental document command parser
)
Package: blx-case-expl3 2023/03/05 v3.19 expl3 case changing code for biblatex
))
Package csquotes Info: Checking for multilingual support...
Package csquotes Info: ... found 'babel' package.
Package csquotes Info: Adjusting default style.
Package csquotes Info: Redefining alias 'default' -> 'english'.
LaTeX Font Info:    Trying to load font information for OT1+lmr on input line 39.
 (/usr/share/texmf/tex/latex/lm/ot1lmr.fd
File: ot1lmr.fd 2015/05/01 v1.6.1 Font defs for Latin Modern
) (./main.aux (./sections/introduction.aux) (./sections/chamber_design.aux) (./sections/vacuum_design.aux) (./sections/radiation_protection.aux) (./sections/costs.aux

LaTeX Warning: Label `tab:vacuum_cost' multiply defined.

))
\openout1 = `main.aux'.

LaTeX Font Info:    Checking defaults for OML/cmm/m/it on input line 39.
LaTeX Font Info:    ... okay on input line 39.
LaTeX Font Info:    Checking defaults for OMS/cmsy/m/n on input line 39.
LaTeX Font Info:    ... okay on input line 39.
LaTeX Font Info:    Checking defaults for OT1/cmr/m/n on input line 39.
LaTeX Font Info:    ... okay on input line 39.
LaTeX Font Info:    Checking defaults for T1/cmr/m/n on input line 39.
LaTeX Font Info:    ... okay on input line 39.
LaTeX Font Info:    Checking defaults for TS1/cmr/m/n on input line 39.
LaTeX Font Info:    ... okay on input line 39.
LaTeX Font Info:    Checking defaults for OMX/cmex/m/n on input line 39.
LaTeX Font Info:    ... okay on input line 39.
LaTeX Font Info:    Checking defaults for U/cmr/m/n on input line 39.
LaTeX Font Info:    ... okay on input line 39.
LaTeX Font Info:    Checking defaults for PD1/pdf/m/n on input line 39.
LaTeX Font Info:    ... okay on input line 39.
LaTeX Font Info:    Checking defaults for PU/pdf/m/n on input line 39.
LaTeX Font Info:    ... okay on input line 39.

*geometry* driver: auto-detecting
*geometry* detected driver: pdftex
*geometry* verbose mode - [ preamble ] result:
* driver: pdftex
* paper: a4paper
* layout: <same size as paper>
* layoutoffset:(h,v)=(0.0pt,0.0pt)
* modes: 
* h-part:(L,W,R)=(56.9055pt, 483.69687pt, 56.9055pt)
* v-part:(T,H,B)=(71.13188pt, 702.78308pt, 71.13188pt)
* \paperwidth=597.50787pt
* \paperheight=845.04684pt
* \textwidth=483.69687pt
* \textheight=702.78308pt
* \oddsidemargin=-15.36449pt
* \evensidemargin=-15.36449pt
* \topmargin=-38.1381pt
* \headheight=12.0pt
* \headsep=25.0pt
* \topskip=12.0pt
* \footskip=30.0pt
* \marginparwidth=49.79231pt
* \marginparsep=10.0pt
* \columnsep=10.0pt
* \skip\footins=10.8pt plus 4.0pt minus 2.0pt
* \hoffset=0.0pt
* \voffset=0.0pt
* \mag=1000
* \@twocolumnfalse
* \@twosidefalse
* \@mparswitchfalse
* \@reversemarginfalse
* (1in=72.27pt=25.4mm, 1cm=28.453pt)

(/usr/share/texlive/texmf-dist/tex/latex/translations/translations-basic-dictionary-english.trsl
File: translations-basic-dictionary-english.trsl (english translation file `translations-basic-dictionary')
)
Package translations Info: loading dictionary `translations-basic-dictionary' for `english'. on input line 39.
 (/usr/share/texlive/texmf-dist/tex/context/base/mkii/supp-pdf.mkii
[Loading MPS to PDF converter (version 2006.09.02).]
\scratchcounter=\count466
\scratchdimen=\dimen193
\scratchbox=\box66
\nofMPsegments=\count467
\nofMParguments=\count468
\everyMPshowfont=\toks30
\MPscratchCnt=\count469
\MPscratchDim=\dimen194
\MPnumerator=\count470
\makeMPintoPDFobject=\count471
\everyMPtoPDFconversion=\toks31
) (/usr/share/texlive/texmf-dist/tex/latex/epstopdf-pkg/epstopdf-base.sty
Package: epstopdf-base 2020-01-24 v2.11 Base part for package epstopdf
Package epstopdf-base Info: Redefining graphics rule for `.eps' on input line 485.
 (/usr/share/texlive/texmf-dist/tex/latex/latexconfig/epstopdf-sys.cfg
File: epstopdf-sys.cfg 2010/07/13 v1.3 Configuration of (r)epstopdf for TeX Live
))
Package caption Info: Begin \AtBeginDocument code.
Package caption Info: float package is loaded.
Package caption Info: hyperref package is loaded.
Package caption Info: End \AtBeginDocument code.
Package hyperref Info: Link coloring ON on input line 39.
 (./main.out) (./main.out)
\@outlinefile=\write4
\openout4 = `main.out'.

Package biblatex Info: Trying to load language 'english'...
Package biblatex Info: ... file 'english.lbx' found.
 (/usr/share/texlive/texmf-dist/tex/latex/biblatex/lbx/english.lbx
File: english.lbx 2023/03/05 v3.19 biblatex localization (PK/MW)
)
Package biblatex Info: Input encoding 'utf8' detected.
Package biblatex Info: Automatic encoding selection.
(biblatex)             Assuming data encoding 'utf8'.
\openout3 = `main.bcf'.

Package biblatex Info: Trying to load bibliographic data...
Package biblatex Info: ... file 'main.bbl' found.
 (./main.bbl)
Package biblatex Info: Reference section=0 on input line 39.
Package biblatex Info: Reference segment=0 on input line 39.
<styles/tu_graz_log.pdf, id=200, 106.22185pt x 39.04236pt>
File: styles/tu_graz_log.pdf Graphic file (type pdf)
<use styles/tu_graz_log.pdf>
Package pdftex.def Info: styles/tu_graz_log.pdf  used on input line 40.
(pdftex.def)             Requested size: 142.20992pt x 52.2712pt.
LaTeX Font Info:    Trying to load font information for OML+lmm on input line 40.
 (/usr/share/texmf/tex/latex/lm/omllmm.fd
File: omllmm.fd 2015/05/01 v1.6.1 Font defs for Latin Modern
)
LaTeX Font Info:    Trying to load font information for OMS+lmsy on input line 40.
 (/usr/share/texmf/tex/latex/lm/omslmsy.fd
File: omslmsy.fd 2015/05/01 v1.6.1 Font defs for Latin Modern
)
LaTeX Font Info:    Trying to load font information for OMX+lmex on input line 40.
 (/usr/share/texmf/tex/latex/lm/omxlmex.fd
File: omxlmex.fd 2015/05/01 v1.6.1 Font defs for Latin Modern
)
LaTeX Font Info:    External font `lmex10' loaded for size
(Font)              <12> on input line 40.
LaTeX Font Info:    External font `lmex10' loaded for size
(Font)              <8> on input line 40.
LaTeX Font Info:    External font `lmex10' loaded for size
(Font)              <6> on input line 40.
<styles/tu_munich_logo_blue.png, id=201, 64.24pt x 33.726pt>
File: styles/tu_munich_logo_blue.png Graphic file (type png)
<use styles/tu_munich_logo_blue.png>
Package pdftex.def Info: styles/tu_munich_logo_blue.png  used on input line 40.
(pdftex.def)             Requested size: 118.50705pt x 62.22124pt.
<styles/proxima_logo.png, id=203, 1170.3725pt x 410.53375pt>
File: styles/proxima_logo.png Graphic file (type png)
<use styles/proxima_logo.png>
Package pdftex.def Info: styles/proxima_logo.png  used on input line 40.
(pdftex.def)             Requested size: 189.61201pt x 66.50735pt.
 [1

{/var/lib/texmf/fonts/map/pdftex/updmap/pdftex.map}{/usr/share/texmf/fonts/enc/dvips/lm/lm-rm.enc}{/usr/share/texmf/fonts/enc/dvips/lm/lm-rmsc.enc} <./styles/tu_graz_log.pdf> <./styles/tu_munich_logo_blue.png> <./styles/proxima_logo.png>] (./main.toc [2


])
\tf@toc=\write5
\openout5 = `main.toc'.



Package fancyhdr Warning: \headheight is too small (12.0pt): 
(fancyhdr)                Make it at least 14.49998pt, for example:
(fancyhdr)                \setlength{\headheight}{14.49998pt}.
(fancyhdr)                You might also make \topmargin smaller to compensate:
(fancyhdr)                \addtolength{\topmargin}{-2.49998pt}.

[3]
\openout2 = `sections/introduction.aux'.

 (./sections/introduction.tex)

Package fancyhdr Warning: \headheight is too small (12.0pt): 
(fancyhdr)                Make it at least 14.49998pt, for example:
(fancyhdr)                \setlength{\headheight}{14.49998pt}.
(fancyhdr)                You might also make \topmargin smaller to compensate:
(fancyhdr)                \addtolength{\topmargin}{-2.49998pt}.

[4

]
\openout2 = `sections/chamber_design.aux'.

 (./sections/chamber_design.tex
Chapter 1.
<sections/imges/vacuum_vessel/Keksdose.PNG, id=287, 459.96844pt x 289.08pt>
File: sections/imges/vacuum_vessel/Keksdose.PNG Graphic file (type png)
<use sections/imges/vacuum_vessel/Keksdose.PNG>
Package pdftex.def Info: sections/imges/vacuum_vessel/Keksdose.PNG  used on input line 16.
(pdftex.def)             Requested size: 237.01411pt x 148.95946pt.
<sections/imges/vacuum_vessel/Keksdose_Schnitt.PNG, id=288, 511.9125pt x 305.64188pt>
File: sections/imges/vacuum_vessel/Keksdose_Schnitt.PNG Graphic file (type png)
<use sections/imges/vacuum_vessel/Keksdose_Schnitt.PNG>
Package pdftex.def Info: sections/imges/vacuum_vessel/Keksdose_Schnitt.PNG  used on input line 23.
(pdftex.def)             Requested size: 237.01411pt x 141.51105pt.
[5




 <./sections/imges/vacuum_vessel/Keksdose.PNG> <./sections/imges/vacuum_vessel/Keksdose_Schnitt.PNG>]
<sections/imges/vacuum_vessel/Flange.PNG, id=301, 408.02437pt x 298.86656pt>
File: sections/imges/vacuum_vessel/Flange.PNG Graphic file (type png)
<use sections/imges/vacuum_vessel/Flange.PNG>
Package pdftex.def Info: sections/imges/vacuum_vessel/Flange.PNG  used on input line 45.
(pdftex.def)             Requested size: 237.01411pt x 173.60721pt.
<sections/imges/vacuum_vessel/Flange_Schnitt.PNG, id=302, 415.5525pt x 293.59688pt>
File: sections/imges/vacuum_vessel/Flange_Schnitt.PNG Graphic file (type png)
<use sections/imges/vacuum_vessel/Flange_Schnitt.PNG>
Package pdftex.def Info: sections/imges/vacuum_vessel/Flange_Schnitt.PNG  used on input line 52.
(pdftex.def)             Requested size: 237.01411pt x 167.45499pt.
<sections/imges/vacuum_vessel/Bohrung.PNG, id=303, 402.75468pt x 283.81032pt>
File: sections/imges/vacuum_vessel/Bohrung.PNG Graphic file (type png)
<use sections/imges/vacuum_vessel/Bohrung.PNG>
Package pdftex.def Info: sections/imges/vacuum_vessel/Bohrung.PNG  used on input line 64.
(pdftex.def)             Requested size: 266.03474pt x 187.46695pt.
LaTeX Font Info:    Trying to load font information for TS1+lmr on input line 75.
 (/usr/share/texmf/tex/latex/lm/ts1lmr.fd
File: ts1lmr.fd 2015/05/01 v1.6.1 Font defs for Latin Modern
)

Package fancyhdr Warning: \headheight is too small (12.0pt): 
(fancyhdr)                Make it at least 14.49998pt, for example:
(fancyhdr)                \setlength{\headheight}{14.49998pt}.
(fancyhdr)                You might also make \topmargin smaller to compensate:
(fancyhdr)                \addtolength{\topmargin}{-2.49998pt}.

[6 <./sections/imges/vacuum_vessel/Flange.PNG> <./sections/imges/vacuum_vessel/Flange_Schnitt.PNG> <./sections/imges/vacuum_vessel/Bohrung.PNG>]
<sections/imges/vacuum_vessel/Kekskochtopf.PNG, id=315, 344.78813pt x 260.47313pt>
File: sections/imges/vacuum_vessel/Kekskochtopf.PNG Graphic file (type png)
<use sections/imges/vacuum_vessel/Kekskochtopf.PNG>
Package pdftex.def Info: sections/imges/vacuum_vessel/Kekskochtopf.PNG  used on input line 86.
(pdftex.def)             Requested size: 145.11053pt x 109.62451pt.
<sections/imges/vacuum_vessel/Kekskochtopf_Simu.PNG, id=316, 733.99219pt x 243.91125pt>
File: sections/imges/vacuum_vessel/Kekskochtopf_Simu.PNG Graphic file (type png)
<use sections/imges/vacuum_vessel/Kekskochtopf_Simu.PNG>
Package pdftex.def Info: sections/imges/vacuum_vessel/Kekskochtopf_Simu.PNG  used on input line 93.
(pdftex.def)             Requested size: 285.37938pt x 94.8347pt.
LaTeX Font Info:    External font `lmex10' loaded for size
(Font)              <10.95> on input line 94.
<sections/imges/vacuum_vessel/Keksdose_Streben.PNG, id=317, 318.43968pt x 280.04625pt>
File: sections/imges/vacuum_vessel/Keksdose_Streben.PNG Graphic file (type png)
<use sections/imges/vacuum_vessel/Keksdose_Streben.PNG>
Package pdftex.def Info: sections/imges/vacuum_vessel/Keksdose_Streben.PNG  used on input line 109.
(pdftex.def)             Requested size: 145.11053pt x 127.61353pt.
<sections/imges/vacuum_vessel/Simulation_palatschinkendeckel_mit_Streben_30.PNG, id=318, 785.18344pt x 347.04657pt>
File: sections/imges/vacuum_vessel/Simulation_palatschinkendeckel_mit_Streben_30.PNG Graphic file (type png)
<use sections/imges/vacuum_vessel/Simulation_palatschinkendeckel_mit_Streben_30.PNG>
Package pdftex.def Info: sections/imges/vacuum_vessel/Simulation_palatschinkendeckel_mit_Streben_30.PNG  used on input line 116.
(pdftex.def)             Requested size: 285.37938pt x 126.13873pt.
File: sections/imges/vacuum_vessel/Keksdose.PNG Graphic file (type png)
<use sections/imges/vacuum_vessel/Keksdose.PNG>
Package pdftex.def Info: sections/imges/vacuum_vessel/Keksdose.PNG  used on input line 133.
(pdftex.def)             Requested size: 193.47578pt x 121.59802pt.
<sections/imges/vacuum_vessel/Simulation_palatschinkendeckel.PNG, id=320, 776.9025pt x 371.13657pt>
File: sections/imges/vacuum_vessel/Simulation_palatschinkendeckel.PNG Graphic file (type png)
<use sections/imges/vacuum_vessel/Simulation_palatschinkendeckel.PNG>
Package pdftex.def Info: sections/imges/vacuum_vessel/Simulation_palatschinkendeckel.PNG  used on input line 140.
(pdftex.def)             Requested size: 237.01411pt x 113.22197pt.


Package fancyhdr Warning: \headheight is too small (12.0pt): 
(fancyhdr)                Make it at least 14.49998pt, for example:
(fancyhdr)                \setlength{\headheight}{14.49998pt}.
(fancyhdr)                You might also make \topmargin smaller to compensate:
(fancyhdr)                \addtolength{\topmargin}{-2.49998pt}.

[7{/usr/share/texmf/fonts/enc/dvips/lm/lm-ts1.enc}{/usr/share/texmf/fonts/enc/dvips/lm/lm-mathit.enc} <./sections/imges/vacuum_vessel/Kekskochtopf.PNG> <./sections/imges/vacuum_vessel/Kekskochtopf_Simu.PNG> <./sections/imges/vacuum_vessel/Keksdose_Streben.PNG> <./sections/imges/vacuum_vessel/Simulation_palatschinkendeckel_mit_Streben_30.PNG>]
<sections/imges/vacuum_vessel/Vakuumkammer_final.PNG, id=340, 387.69844pt x 356.83313pt>
File: sections/imges/vacuum_vessel/Vakuumkammer_final.PNG Graphic file (type png)
<use sections/imges/vacuum_vessel/Vakuumkammer_final.PNG>
Package pdftex.def Info: sections/imges/vacuum_vessel/Vakuumkammer_final.PNG  used on input line 181.
(pdftex.def)             Requested size: 193.47578pt x 178.07309pt.
<sections/imges/vacuum_vessel/Vakuumkammer_final_Schnitt.PNG, id=341, 380.17032pt x 325.215pt>
File: sections/imges/vacuum_vessel/Vakuumkammer_final_Schnitt.PNG Graphic file (type png)
<use sections/imges/vacuum_vessel/Vakuumkammer_final_Schnitt.PNG>
Package pdftex.def Info: sections/imges/vacuum_vessel/Vakuumkammer_final_Schnitt.PNG  used on input line 188.
(pdftex.def)             Requested size: 193.47578pt x 165.51009pt.


Package fancyhdr Warning: \headheight is too small (12.0pt): 
(fancyhdr)                Make it at least 14.49998pt, for example:
(fancyhdr)                \setlength{\headheight}{14.49998pt}.
(fancyhdr)                You might also make \topmargin smaller to compensate:
(fancyhdr)                \addtolength{\topmargin}{-2.49998pt}.

[8 <./sections/imges/vacuum_vessel/Simulation_palatschinkendeckel.PNG>]
<sections/imges/vacuum_vessel/Halterung1.jpeg, id=351, 903.375pt x 1606.0pt>
File: sections/imges/vacuum_vessel/Halterung1.jpeg Graphic file (type jpg)
<use sections/imges/vacuum_vessel/Halterung1.jpeg>
Package pdftex.def Info: sections/imges/vacuum_vessel/Halterung1.jpeg  used on input line 200.
(pdftex.def)             Requested size: 145.11053pt x 257.96999pt.
<sections/imges/vacuum_vessel/Halterung2.jpeg, id=352, 903.375pt x 1606.0pt>
File: sections/imges/vacuum_vessel/Halterung2.jpeg Graphic file (type jpg)
<use sections/imges/vacuum_vessel/Halterung2.jpeg>
Package pdftex.def Info: sections/imges/vacuum_vessel/Halterung2.jpeg  used on input line 206.
(pdftex.def)             Requested size: 145.11053pt x 257.96999pt.


Package fancyhdr Warning: \headheight is too small (12.0pt): 
(fancyhdr)                Make it at least 14.49998pt, for example:
(fancyhdr)                \setlength{\headheight}{14.49998pt}.
(fancyhdr)                You might also make \topmargin smaller to compensate:
(fancyhdr)                \addtolength{\topmargin}{-2.49998pt}.

[9 <./sections/imges/vacuum_vessel/Vakuumkammer_final.PNG> <./sections/imges/vacuum_vessel/Vakuumkammer_final_Schnitt.PNG> <./sections/imges/vacuum_vessel/Halterung1.jpeg> <./sections/imges/vacuum_vessel/Halterung2.jpeg>]
<sections/imges/seals/double_o-ring.png, id=362, 286.06876pt x 214.8025pt>
File: sections/imges/seals/double_o-ring.png Graphic file (type png)
<use sections/imges/seals/double_o-ring.png>
Package pdftex.def Info: sections/imges/seals/double_o-ring.png  used on input line 233.
(pdftex.def)             Requested size: 145.11053pt x 108.96112pt.
<sections/imges/seals/copper_seal.png, id=366, 291.0875pt x 356.33125pt>
File: sections/imges/seals/copper_seal.png Graphic file (type png)
<use sections/imges/seals/copper_seal.png>
Package pdftex.def Info: sections/imges/seals/copper_seal.png  used on input line 254.
(pdftex.def)             Requested size: 142.20992pt x 174.0873pt.
<sections/imges/seals/copper_seal_side.png, id=367, 179.67125pt x 190.7125pt>
File: sections/imges/seals/copper_seal_side.png Graphic file (type png)
<use sections/imges/seals/copper_seal_side.png>
Package pdftex.def Info: sections/imges/seals/copper_seal_side.png  used on input line 261.
(pdftex.def)             Requested size: 142.20992pt x 150.96094pt.


Package fancyhdr Warning: \headheight is too small (12.0pt): 
(fancyhdr)                Make it at least 14.49998pt, for example:
(fancyhdr)                \setlength{\headheight}{14.49998pt}.
(fancyhdr)                You might also make \topmargin smaller to compensate:
(fancyhdr)                \addtolength{\topmargin}{-2.49998pt}.

[10{/usr/share/texmf/fonts/enc/dvips/lm/lm-mathsy.enc} <./sections/imges/seals/double_o-ring.png>]
<sections/imges/ports/dosing-valve.png, id=382, 277.035pt x 388.45125pt>
File: sections/imges/ports/dosing-valve.png Graphic file (type png)
<use sections/imges/ports/dosing-valve.png>
Package pdftex.def Info: sections/imges/ports/dosing-valve.png  used on input line 292.
(pdftex.def)             Requested size: 165.90915pt x 232.63391pt.
<sections/imges/ports/dosing-valve_real.png, id=384, 194.7275pt x 436.63126pt>
File: sections/imges/ports/dosing-valve_real.png Graphic file (type png)
<use sections/imges/ports/dosing-valve_real.png>
Package pdftex.def Info: sections/imges/ports/dosing-valve_real.png  used on input line 299.
(pdftex.def)             Requested size: 94.80418pt x 212.57205pt.


Package fancyhdr Warning: \headheight is too small (12.0pt): 
(fancyhdr)                Make it at least 14.49998pt, for example:
(fancyhdr)                \setlength{\headheight}{14.49998pt}.
(fancyhdr)                You might also make \topmargin smaller to compensate:
(fancyhdr)                \addtolength{\topmargin}{-2.49998pt}.

[11 <./sections/imges/seals/copper_seal.png> <./sections/imges/seals/copper_seal_side.png>]
<sections/imges/ports/venting_valve.png, id=395, 472.01344pt x 533.74406pt>
File: sections/imges/ports/venting_valve.png Graphic file (type png)
<use sections/imges/ports/venting_valve.png>
Package pdftex.def Info: sections/imges/ports/venting_valve.png  used on input line 316.
(pdftex.def)             Requested size: 145.11053pt x 164.0907pt.


Package fancyhdr Warning: \headheight is too small (12.0pt): 
(fancyhdr)                Make it at least 14.49998pt, for example:
(fancyhdr)                \setlength{\headheight}{14.49998pt}.
(fancyhdr)                You might also make \topmargin smaller to compensate:
(fancyhdr)                \addtolength{\topmargin}{-2.49998pt}.

[12 <./sections/imges/ports/dosing-valve.png> <./sections/imges/ports/dosing-valve_real.png> <./sections/imges/ports/venting_valve.png>]
<sections/imges/ports/vacuum_window.png, id=409, 533.74406pt x 396.7322pt>
File: sections/imges/ports/vacuum_window.png Graphic file (type png)
<use sections/imges/ports/vacuum_window.png>
Package pdftex.def Info: sections/imges/ports/vacuum_window.png  used on input line 342.
(pdftex.def)             Requested size: 145.11053pt x 107.85767pt.


Package fancyhdr Warning: \headheight is too small (12.0pt): 
(fancyhdr)                Make it at least 14.49998pt, for example:
(fancyhdr)                \setlength{\headheight}{14.49998pt}.
(fancyhdr)                You might also make \topmargin smaller to compensate:
(fancyhdr)                \addtolength{\topmargin}{-2.49998pt}.

[13 <./sections/imges/ports/vacuum_window.png>]
<sections/imges/seals/plastic_insulator.png, id=426, 430.60875pt x 362.35374pt>
File: sections/imges/seals/plastic_insulator.png Graphic file (type png)
<use sections/imges/seals/plastic_insulator.png>
Package pdftex.def Info: sections/imges/seals/plastic_insulator.png  used on input line 378.
(pdftex.def)             Requested size: 237.01411pt x 199.44998pt.
<sections/imges/seals/ceramic_insulator.png, id=427, 513.92pt x 377.41pt>
File: sections/imges/seals/ceramic_insulator.png Graphic file (type png)
<use sections/imges/seals/ceramic_insulator.png>
Package pdftex.def Info: sections/imges/seals/ceramic_insulator.png  used on input line 385.
(pdftex.def)             Requested size: 237.01411pt x 174.05989pt.


Package siunitx Warning: Unit macro \bar has been deprecated in this release.
(siunitx)                
(siunitx)                The BIPM have removed this unit from the SI Brochure.
(siunitx)                You should define it yourself using \DeclareSIUnit in
(siunitx)                your source. The current definition is
(siunitx)                
(siunitx)                \DeclareSIUnit\bar{bar}

<sections/imges/ports/coaxial_feedthrough_pfeiffer.png, id=430, 533.74406pt x 355.3275pt>
File: sections/imges/ports/coaxial_feedthrough_pfeiffer.png Graphic file (type png)
<use sections/imges/ports/coaxial_feedthrough_pfeiffer.png>
Package pdftex.def Info: sections/imges/ports/coaxial_feedthrough_pfeiffer.png  used on input line 401.
(pdftex.def)             Requested size: 241.84843pt x 161.00737pt.

Package fancyhdr Warning: \headheight is too small (12.0pt): 
(fancyhdr)                Make it at least 14.49998pt, for example:
(fancyhdr)                \setlength{\headheight}{14.49998pt}.
(fancyhdr)                You might also make \topmargin smaller to compensate:
(fancyhdr)                \addtolength{\topmargin}{-2.49998pt}.

[14 <./sections/imges/seals/plastic_insulator.png> <./sections/imges/seals/ceramic_insulator.png>]
<sections/imges/ports/bellows.png, id=443, 533.74406pt x 355.3275pt>
File: sections/imges/ports/bellows.png Graphic file (type png)
<use sections/imges/ports/bellows.png>
Package pdftex.def Info: sections/imges/ports/bellows.png  used on input line 432.
(pdftex.def)             Requested size: 241.84843pt x 161.00737pt.


Package fancyhdr Warning: \headheight is too small (12.0pt): 
(fancyhdr)                Make it at least 14.49998pt, for example:
(fancyhdr)                \setlength{\headheight}{14.49998pt}.
(fancyhdr)                You might also make \topmargin smaller to compensate:
(fancyhdr)                \addtolength{\topmargin}{-2.49998pt}.

[15 <./sections/imges/ports/coaxial_feedthrough_pfeiffer.png>]
<sections/imges/piezo.jpg, id=460, 401.5pt x 301.125pt>
File: sections/imges/piezo.jpg Graphic file (type jpg)
<use sections/imges/piezo.jpg>
Package pdftex.def Info: sections/imges/piezo.jpg  used on input line 454.
(pdftex.def)             Requested size: 193.47578pt x 145.10811pt.
 (./sections/ports_tables/vacuum_ports.tex)

Package fancyhdr Warning: \headheight is too small (12.0pt): 
(fancyhdr)                Make it at least 14.49998pt, for example:
(fancyhdr)                \setlength{\headheight}{14.49998pt}.
(fancyhdr)                You might also make \topmargin smaller to compensate:
(fancyhdr)                \addtolength{\topmargin}{-2.49998pt}.

[16 <./sections/imges/ports/bellows.png> <./sections/imges/piezo.jpg>]

Package fancyhdr Warning: \headheight is too small (12.0pt): 
(fancyhdr)                Make it at least 14.49998pt, for example:
(fancyhdr)                \setlength{\headheight}{14.49998pt}.
(fancyhdr)                You might also make \topmargin smaller to compensate:
(fancyhdr)                \addtolength{\topmargin}{-2.49998pt}.

[17] (./sections/ports_tables/coil_ports.tex
Overfull \hbox (12.46295pt too wide) in paragraph at lines 6--7
[]|\OT1/lmr/bx/n/12 Flange/Size|  
 []

) (./sections/ports_tables/diagnostic_ports.tex
Overfull \hbox (12.46295pt too wide) in paragraph at lines 6--7
[]|\OT1/lmr/bx/n/12 Flange/Size|  
 []


Package fancyhdr Warning: \headheight is too small (12.0pt): 
(fancyhdr)                Make it at least 14.49998pt, for example:
(fancyhdr)                \setlength{\headheight}{14.49998pt}.
(fancyhdr)                You might also make \topmargin smaller to compensate:
(fancyhdr)                \addtolength{\topmargin}{-2.49998pt}.

[18])
<sections/imges/ports/fluorescent_rod.png, id=490, 707.64375pt x 284.06125pt>
File: sections/imges/ports/fluorescent_rod.png Graphic file (type png)
<use sections/imges/ports/fluorescent_rod.png>
Package pdftex.def Info: sections/imges/ports/fluorescent_rod.png  used on input line 531.
(pdftex.def)             Requested size: 338.58632pt x 135.9144pt.
<sections/imges/ports/Flurescent_rod_new_sketch.jpeg, id=491, 1003.75pt x 1134.2375pt>
File: sections/imges/ports/Flurescent_rod_new_sketch.jpeg Graphic file (type jpg)
<use sections/imges/ports/Flurescent_rod_new_sketch.jpeg>
Package pdftex.def Info: sections/imges/ports/Flurescent_rod_new_sketch.jpeg  used on input line 538.
(pdftex.def)             Requested size: 193.47578pt x 218.62263pt.


Package fancyhdr Warning: \headheight is too small (12.0pt): 
(fancyhdr)                Make it at least 14.49998pt, for example:
(fancyhdr)                \setlength{\headheight}{14.49998pt}.
(fancyhdr)                You might also make \topmargin smaller to compensate:
(fancyhdr)                \addtolength{\topmargin}{-2.49998pt}.

[19]
<sections/imges/ports/interferometer.png, id=503, 578.16pt x 468.75125pt>
File: sections/imges/ports/interferometer.png Graphic file (type png)
<use sections/imges/ports/interferometer.png>
Package pdftex.def Info: sections/imges/ports/interferometer.png  used on input line 570.
(pdftex.def)             Requested size: 193.47578pt x 156.86276pt.
<sections/imges/ports/interferometer_horn_antena.png, id=504, 614.295pt x 252.945pt>
File: sections/imges/ports/interferometer_horn_antena.png Graphic file (type png)
<use sections/imges/ports/interferometer_horn_antena.png>
Package pdftex.def Info: sections/imges/ports/interferometer_horn_antena.png  used on input line 577.
(pdftex.def)             Requested size: 285.37938pt x 117.51013pt.


Package fancyhdr Warning: \headheight is too small (12.0pt): 
(fancyhdr)                Make it at least 14.49998pt, for example:
(fancyhdr)                \setlength{\headheight}{14.49998pt}.
(fancyhdr)                You might also make \topmargin smaller to compensate:
(fancyhdr)                \addtolength{\topmargin}{-2.49998pt}.

[20 <./sections/imges/ports/fluorescent_rod.png> <./sections/imges/ports/Flurescent_rod_new_sketch.jpeg>]
<sections/imges/ports/coaxial_feedthough.png, id=514, 312.16624pt x 226.8475pt>
File: sections/imges/ports/coaxial_feedthough.png Graphic file (type png)
<use sections/imges/ports/coaxial_feedthough.png>
Package pdftex.def Info: sections/imges/ports/coaxial_feedthough.png  used on input line 598.
(pdftex.def)             Requested size: 237.01411pt x 172.23973pt.
<sections/imges/ports/rogowski_coil_diamagnetx_loop.png, id=515, 597.432pt x 421.0932pt>
File: sections/imges/ports/rogowski_coil_diamagnetx_loop.png Graphic file (type png)
<use sections/imges/ports/rogowski_coil_diamagnetx_loop.png>
Package pdftex.def Info: sections/imges/ports/rogowski_coil_diamagnetx_loop.png  used on input line 605.
(pdftex.def)             Requested size: 237.01411pt x 167.05284pt.


Package fancyhdr Warning: \headheight is too small (12.0pt): 
(fancyhdr)                Make it at least 14.49998pt, for example:
(fancyhdr)                \setlength{\headheight}{14.49998pt}.
(fancyhdr)                You might also make \topmargin smaller to compensate:
(fancyhdr)                \addtolength{\topmargin}{-2.49998pt}.

[21 <./sections/imges/ports/interferometer.png> <./sections/imges/ports/interferometer_horn_antena.png> <./sections/imges/ports/coaxial_feedthough.png> <./sections/imges/ports/rogowski_coil_diamagnetx_loop.png>])

Package fancyhdr Warning: \headheight is too small (12.0pt): 
(fancyhdr)                Make it at least 14.49998pt, for example:
(fancyhdr)                \setlength{\headheight}{14.49998pt}.
(fancyhdr)                You might also make \topmargin smaller to compensate:
(fancyhdr)                \addtolength{\topmargin}{-2.49998pt}.

[22]
\openout2 = `sections/vacuum_design.aux'.

 (./sections/vacuum_design.tex
Chapter 2.
[23




{/usr/share/texmf/fonts/enc/dvips/lm/lm-mathex.enc}]
<sections/imges/vacuum_vessel/ath3204.PNG, id=550, 411.939pt x 367.3725pt>
File: sections/imges/vacuum_vessel/ath3204.PNG Graphic file (type png)
<use sections/imges/vacuum_vessel/ath3204.PNG>
Package pdftex.def Info: sections/imges/vacuum_vessel/ath3204.PNG  used on input line 36.
(pdftex.def)             Requested size: 217.66211pt x 194.11229pt.
<sections/imges/vacuum_vessel/acp.PNG, id=552, 401.0985pt x 352.9185pt>
File: sections/imges/vacuum_vessel/acp.PNG Graphic file (type png)
<use sections/imges/vacuum_vessel/acp.PNG>
Package pdftex.def Info: sections/imges/vacuum_vessel/acp.PNG  used on input line 43.
(pdftex.def)             Requested size: 217.66211pt x 191.51553pt.


Package fancyhdr Warning: \headheight is too small (12.0pt): 
(fancyhdr)                Make it at least 14.49998pt, for example:
(fancyhdr)                \setlength{\headheight}{14.49998pt}.
(fancyhdr)                You might also make \topmargin smaller to compensate:
(fancyhdr)                \addtolength{\topmargin}{-2.49998pt}.

[24 <./sections/imges/vacuum_vessel/ath3204.PNG> <./sections/imges/vacuum_vessel/acp.PNG>]
<sections/imges/vacuum_vessel/Pirani_Bayard_Alpert.PNG, id=568, 188.20313pt x 274.77657pt>
File: sections/imges/vacuum_vessel/Pirani_Bayard_Alpert.PNG Graphic file (type png)
<use sections/imges/vacuum_vessel/Pirani_Bayard_Alpert.PNG>
Package pdftex.def Info: sections/imges/vacuum_vessel/Pirani_Bayard_Alpert.PNG  used on input line 74.
(pdftex.def)             Requested size: 96.73788pt x 141.24107pt.
<sections/imges/vacuum_vessel/Pirani_Bayard_Alpert_technical_data.PNG, id=569, 787.44188pt x 313.17pt>
File: sections/imges/vacuum_vessel/Pirani_Bayard_Alpert_technical_data.PNG Graphic file (type png)
<use sections/imges/vacuum_vessel/Pirani_Bayard_Alpert_technical_data.PNG>
Package pdftex.def Info: sections/imges/vacuum_vessel/Pirani_Bayard_Alpert_technical_data.PNG  used on input line 81.
(pdftex.def)             Requested size: 338.58632pt x 134.65569pt.
<sections/imges/vacuum_vessel/Quadrupol_Massenspektrometer.PNG, id=573, 533.74406pt x 335.75438pt>
File: sections/imges/vacuum_vessel/Quadrupol_Massenspektrometer.PNG Graphic file (type png)
<use sections/imges/vacuum_vessel/Quadrupol_Massenspektrometer.PNG>
Package pdftex.def Info: sections/imges/vacuum_vessel/Quadrupol_Massenspektrometer.PNG  used on input line 101.
(pdftex.def)             Requested size: 290.22107pt x 182.57008pt.


Package fancyhdr Warning: \headheight is too small (12.0pt): 
(fancyhdr)                Make it at least 14.49998pt, for example:
(fancyhdr)                \setlength{\headheight}{14.49998pt}.
(fancyhdr)                You might also make \topmargin smaller to compensate:
(fancyhdr)                \addtolength{\topmargin}{-2.49998pt}.

[25 <./sections/imges/vacuum_vessel/Pirani_Bayard_Alpert.PNG> <./sections/imges/vacuum_vessel/Pirani_Bayard_Alpert_technical_data.PNG>]

Package fancyhdr Warning: \headheight is too small (12.0pt): 
(fancyhdr)                Make it at least 14.49998pt, for example:
(fancyhdr)                \setlength{\headheight}{14.49998pt}.
(fancyhdr)                You might also make \topmargin smaller to compensate:
(fancyhdr)                \addtolength{\topmargin}{-2.49998pt}.

[26 <./sections/imges/vacuum_vessel/Quadrupol_Massenspektrometer.PNG>])

Package fancyhdr Warning: \headheight is too small (12.0pt): 
(fancyhdr)                Make it at least 14.49998pt, for example:
(fancyhdr)                \setlength{\headheight}{14.49998pt}.
(fancyhdr)                You might also make \topmargin smaller to compensate:
(fancyhdr)                \addtolength{\topmargin}{-2.49998pt}.

[27]
\openout2 = `sections/radiation_protection.aux'.

 (./sections/radiation_protection.tex
Chapter 3.
[28




]
Overfull \hbox (10.35167pt too wide) in paragraph at lines 66--69
[]\OT1/lmr/m/n/12 As ex-plained in the pre-vi-ous sec-tion, for our stel-lara-tor we will mainly con-sider Bremsstrahlung
 []


Package fancyhdr Warning: \headheight is too small (12.0pt): 
(fancyhdr)                Make it at least 14.49998pt, for example:
(fancyhdr)                \setlength{\headheight}{14.49998pt}.
(fancyhdr)                You might also make \topmargin smaller to compensate:
(fancyhdr)                \addtolength{\topmargin}{-2.49998pt}.

[29]

Package fancyhdr Warning: \headheight is too small (12.0pt): 
(fancyhdr)                Make it at least 14.49998pt, for example:
(fancyhdr)                \setlength{\headheight}{14.49998pt}.
(fancyhdr)                You might also make \topmargin smaller to compensate:
(fancyhdr)                \addtolength{\topmargin}{-2.49998pt}.

[30]
Overfull \hbox (1.52896pt too wide) in paragraph at lines 154--156
\OT1/lmr/m/n/12 For heat-ing the plasma we will use mi-crowave heat-ing sys-tem op-er-at-ing at fre-quency of $2\OML/lmm/m/it/12 :\OT1/lmr/m/n/12 45 []$.
 []


Package fancyhdr Warning: \headheight is too small (12.0pt): 
(fancyhdr)                Make it at least 14.49998pt, for example:
(fancyhdr)                \setlength{\headheight}{14.49998pt}.
(fancyhdr)                You might also make \topmargin smaller to compensate:
(fancyhdr)                \addtolength{\topmargin}{-2.49998pt}.

[31])

Package fancyhdr Warning: \headheight is too small (12.0pt): 
(fancyhdr)                Make it at least 14.49998pt, for example:
(fancyhdr)                \setlength{\headheight}{14.49998pt}.
(fancyhdr)                You might also make \topmargin smaller to compensate:
(fancyhdr)                \addtolength{\topmargin}{-2.49998pt}.

[32]
\openout2 = `sections/costs.aux'.

 (./sections/costs.tex
Chapter 4.

Underfull \hbox (badness 10000) in paragraph at lines 3--4

 []


Underfull \hbox (badness 10000) in paragraph at lines 39--44

 []

[33




]
Underfull \hbox (badness 10000) in paragraph at lines 45--46

 []

)

Package fancyhdr Warning: \headheight is too small (12.0pt): 
(fancyhdr)                Make it at least 14.49998pt, for example:
(fancyhdr)                \setlength{\headheight}{14.49998pt}.
(fancyhdr)                You might also make \topmargin smaller to compensate:
(fancyhdr)                \addtolength{\topmargin}{-2.49998pt}.

[34]
LaTeX Font Info:    Trying to load font information for OT1+lmtt on input line 61.
 (/usr/share/texmf/tex/latex/lm/ot1lmtt.fd
File: ot1lmtt.fd 2015/05/01 v1.6.1 Font defs for Latin Modern
)
Overfull \hbox (3.78119pt too wide) in paragraph at lines 62--62
\OT1/lmtt/m/n/12 pfeiffer -[] vacuum . com / api / empolis / resource / environment / project1 _ p / documents /
 []


Overfull \hbox (6.68016pt too wide) in paragraph at lines 62--62
\OT1/lmr/m/n/12 (2020). \OT1/lmr/m/sc/12 url\OT1/lmr/m/n/12 : [][]$\OT1/lmtt/m/n/12 https : / / www . utsc . utoronto . ca / []traceslab / PDFs / MassSpec _ QuadsInfo .
 []

[35



{/usr/share/texmf/fonts/enc/dvips/lm/lm-rmtt.enc}]
Overfull \hbox (12.44919pt too wide) in paragraph at lines 62--62
\OT1/lmtt/m/n/12 de _ DE / category / 2073476 / pirani -[] bayard -[] alpert -[] kombination -[] hpt -[] 200 -[] 5101000hpa .
 []


Package fancyhdr Warning: \headheight is too small (12.0pt): 
(fancyhdr)                Make it at least 14.49998pt, for example:
(fancyhdr)                \setlength{\headheight}{14.49998pt}.
(fancyhdr)                You might also make \topmargin smaller to compensate:
(fancyhdr)                \addtolength{\topmargin}{-2.49998pt}.

[36]

Package fancyhdr Warning: \headheight is too small (12.0pt): 
(fancyhdr)                Make it at least 14.49998pt, for example:
(fancyhdr)                \setlength{\headheight}{14.49998pt}.
(fancyhdr)                You might also make \topmargin smaller to compensate:
(fancyhdr)                \addtolength{\topmargin}{-2.49998pt}.

[37] (./main.lof)
\tf@lof=\write6
\openout6 = `main.lof'.

 [38

] (./main.lot)
\tf@lot=\write7
\openout7 = `main.lot'.

 [39

] 
enddocument/afterlastpage: lastpage setting LastPage.
(./main.aux (./sections/introduction.aux) (./sections/chamber_design.aux) (./sections/vacuum_design.aux) (./sections/radiation_protection.aux) (./sections/costs.aux))
 ***********
LaTeX2e <2023-11-01> patch level 1
L3 programming layer <2024-01-22>
 ***********


LaTeX Warning: There were multiply-defined labels.

Package rerunfilecheck Info: File `main.out' has not changed.
(rerunfilecheck)             Checksum: E89D06B3B38338F372C5C0D7506DA6B7;7539.
Package logreq Info: Writing requests to 'main.run.xml'.
\openout1 = `main.run.xml'.

 ) 
Here is how much of TeX's memory you used:
 25813 strings out of 476056
 518779 string characters out of 5791605
 1944975 words of memory out of 5000000
 47325 multiletter control sequences out of 15000+600000
 608697 words of font info for 67 fonts, out of 8000000 for 9000
 59 hyphenation exceptions out of 8191
 90i,14n,94p,1350b,2982s stack positions out of 10000i,1000n,20000p,200000b,200000s
</usr/share/texmf/fonts/type1/public/lm/lmbx12.pfb></usr/share/texmf/fonts/type1/public/lm/lmcsc10.pfb></usr/share/texmf/fonts/type1/public/lm/lmex10.pfb></usr/share/texmf/fonts/type1/public/lm/lmmi10.pfb></usr/share/texmf/fonts/type1/public/lm/lmmi12.pfb></usr/share/texmf/fonts/type1/public/lm/lmmi8.pfb></usr/share/texmf/fonts/type1/public/lm/lmr10.pfb></usr/share/texmf/fonts/type1/public/lm/lmr12.pfb></usr/share/texmf/fonts/type1/public/lm/lmr17.pfb></usr/share/texmf/fonts/type1/public/lm/lmr8.pfb></usr/share/texmf/fonts/type1/public/lm/lmri12.pfb></usr/share/texmf/fonts/type1/public/lm/lmsy10.pfb></usr/share/texmf/fonts/type1/public/lm/lmsy8.pfb></usr/share/texmf/fonts/type1/public/lm/lmtt12.pfb>
Output written on main.pdf (39 pages, 5868718 bytes).
PDF statistics:
 936 PDF objects out of 1000 (max. 8388607)
 781 compressed objects within 8 object streams
 176 named destinations out of 1000 (max. 500000)
 593 words of extra memory for PDF output out of 10000 (max. 10000000)

